2025-06-24 17:43:12 [main] INFO  Log - Starting Web Browser...
2025-06-24 17:43:13 [main] INFO  Log - Navigating to URL...
2025-06-24 17:43:15 [main] INFO  Log - Starting to test Login with Valid Credentials...
2025-06-24 17:43:15 [main] INFO  Log - Providing Credentials..
2025-06-24 17:43:15 [main] INFO  Log - Clicking on Login Button...
2025-06-24 17:43:54 [main] INFO  Log - Test completed Successfully 
2025-06-24 17:44:19 [main] INFO  Log - Closing the Browser...
2025-06-24 17:44:19 [main] INFO  Log - Starting Web Browser...
2025-06-24 17:44:20 [main] INFO  Log - Navigating to URL...
2025-06-24 17:44:22 [main] INFO  Log - Starting to test Login with Valid Credentials...
2025-06-24 17:44:22 [main] INFO  Log - Providing Credentials..
2025-06-24 17:44:22 [main] INFO  Log - Clicking on Login Button...
2025-06-24 17:47:17 [main] INFO  Log - Login was unsuccessful. Please correct the errors and try again. The credentials provided are incorrect
2025-06-24 17:47:19 [main] INFO  Log - Test completed Successfully 
2025-06-24 17:47:27 [main] INFO  Log - Closing the Browser...
2025-06-24 17:47:27 [main] INFO  Log - Starting Web Browser...
2025-06-24 17:47:28 [main] INFO  Log - Navigating to URL...
2025-06-24 17:47:31 [main] INFO  Log - Starting to test Login with Valid Credentials...
2025-06-24 17:47:31 [main] INFO  Log - Providing Credentials..
2025-06-24 17:47:31 [main] INFO  Log - Clicking on Login Button...
2025-06-24 17:48:31 [main] INFO  Log - Login was unsuccessful. Please correct the errors and try again. No customer account found
2025-06-24 17:48:32 [main] INFO  Log - Test completed Successfully 
2025-06-24 17:48:40 [main] INFO  Log - Closing the Browser...
2025-06-24 17:48:41 [main] INFO  Log - Starting Web Browser...
2025-06-24 17:48:42 [main] INFO  Log - Navigating to URL...
2025-06-24 17:48:43 [main] INFO  Log - Starting to test Login with Valid Credentials...
2025-06-24 17:48:43 [main] INFO  Log - Providing Credentials..
2025-06-24 17:48:43 [main] INFO  Log - Clicking on Login Button...
2025-06-24 17:49:00 [main] INFO  Log - Login was unsuccessful. Please correct the errors and try again. No customer account found
2025-06-24 17:49:00 [main] INFO  Log - Test completed Successfully 
2025-06-24 17:49:00 [main] INFO  Log - Closing the Browser...
2025-06-24 17:55:14 [main] INFO  Log - Starting Web Browser...
2025-06-24 17:55:16 [main] INFO  Log - Navigating to URL...
2025-06-24 17:55:18 [main] INFO  Log - Starting to test Login with Valid Credentials...
2025-06-24 17:55:18 [main] INFO  Log - Providing Credentials..
2025-06-24 17:55:18 [main] INFO  Log - Clicking on Login Button...
2025-06-24 17:55:37 [main] INFO  Log - Closing the Browser...
2025-06-24 17:55:37 [main] INFO  Log - Starting Web Browser...
2025-06-24 17:55:38 [main] INFO  Log - Navigating to URL...
2025-06-24 17:55:40 [main] INFO  Log - Starting to test Login with Valid Credentials...
2025-06-24 17:55:40 [main] INFO  Log - Providing Credentials..
2025-06-24 17:55:40 [main] INFO  Log - Clicking on Login Button...
2025-06-24 17:56:34 [main] INFO  Log - Login was unsuccessful. Please correct the errors and try again. The credentials provided are incorrect
2025-06-24 17:56:38 [main] INFO  Log - Test completed Successfully 
2025-06-24 17:56:43 [main] INFO  Log - Closing the Browser...
2025-06-24 17:56:44 [main] INFO  Log - Starting Web Browser...
2025-06-24 17:56:45 [main] INFO  Log - Navigating to URL...
2025-06-24 17:56:47 [main] INFO  Log - Starting to test Login with Valid Credentials...
2025-06-24 17:56:47 [main] INFO  Log - Providing Credentials..
2025-06-24 17:56:47 [main] INFO  Log - Clicking on Login Button...
2025-06-24 17:57:28 [main] INFO  Log - Login was unsuccessful. Please correct the errors and try again. No customer account found
2025-06-24 17:57:32 [main] INFO  Log - Test completed Successfully 
2025-06-24 17:57:48 [main] INFO  Log - Closing the Browser...
2025-06-24 17:57:48 [main] INFO  Log - Starting Web Browser...
2025-06-24 17:57:49 [main] INFO  Log - Navigating to URL...
2025-06-24 17:57:57 [main] INFO  Log - Starting to test Login with Valid Credentials...
2025-06-24 17:57:57 [main] INFO  Log - Providing Credentials..
2025-06-24 17:57:57 [main] INFO  Log - Clicking on Login Button...
2025-06-24 17:58:38 [main] INFO  Log - Login was unsuccessful. Please correct the errors and try again. No customer account found
2025-06-24 17:58:39 [main] INFO  Log - Test completed Successfully 
2025-06-24 17:58:43 [main] INFO  Log - Closing the Browser...
2025-06-24 17:59:54 [main] INFO  Log - Starting Web Browser...
2025-06-24 17:59:55 [main] INFO  Log - Navigating to URL...
2025-06-24 17:59:57 [main] INFO  Log - Starting to test Login with Valid Credentials...
2025-06-24 17:59:57 [main] INFO  Log - Providing Credentials..
2025-06-24 17:59:57 [main] INFO  Log - Clicking on Login Button...
2025-06-24 18:00:07 [main] INFO  Log - Test completed Successfully 
2025-06-24 18:00:07 [main] INFO  Log - Closing the Browser...
2025-06-24 18:00:07 [main] INFO  Log - Starting Web Browser...
2025-06-24 18:00:08 [main] INFO  Log - Navigating to URL...
2025-06-24 18:00:11 [main] INFO  Log - Starting to test Login with Valid Credentials...
2025-06-24 18:00:11 [main] INFO  Log - Providing Credentials..
2025-06-24 18:00:11 [main] INFO  Log - Clicking on Login Button...
2025-06-24 18:00:14 [main] INFO  Log - Login was unsuccessful. Please correct the errors and try again. The credentials provided are incorrect
2025-06-24 18:00:14 [main] INFO  Log - Test completed Successfully 
2025-06-24 18:00:14 [main] INFO  Log - Closing the Browser...
2025-06-24 18:00:14 [main] INFO  Log - Starting Web Browser...
2025-06-24 18:00:15 [main] INFO  Log - Navigating to URL...
2025-06-24 18:00:17 [main] INFO  Log - Starting to test Login with Valid Credentials...
2025-06-24 18:00:17 [main] INFO  Log - Providing Credentials..
2025-06-24 18:00:18 [main] INFO  Log - Clicking on Login Button...
2025-06-24 18:00:19 [main] INFO  Log - Login was unsuccessful. Please correct the errors and try again. No customer account found
2025-06-24 18:00:19 [main] INFO  Log - Test completed Successfully 
2025-06-24 18:00:19 [main] INFO  Log - Closing the Browser...
2025-06-24 18:00:19 [main] INFO  Log - Starting Web Browser...
2025-06-24 18:00:20 [main] INFO  Log - Navigating to URL...
2025-06-24 18:00:23 [main] INFO  Log - Starting to test Login with Valid Credentials...
2025-06-24 18:00:23 [main] INFO  Log - Providing Credentials..
2025-06-24 18:00:23 [main] INFO  Log - Clicking on Login Button...
2025-06-24 18:00:24 [main] INFO  Log - Login was unsuccessful. Please correct the errors and try again. No customer account found
2025-06-24 18:00:24 [main] INFO  Log - Test completed Successfully 
2025-06-24 18:00:24 [main] INFO  Log - Closing the Browser...
